mode: set
github.com/rdrake/exam-controller/internal/slug/slug.go:15.33,17.19 2 1
github.com/rdrake/exam-controller/internal/slug/slug.go:17.19,19.13 2 1
github.com/rdrake/exam-controller/internal/slug/slug.go:19.13,21.4 1 1
github.com/rdrake/exam-controller/internal/slug/slug.go:22.3,23.17 2 1
github.com/rdrake/exam-controller/internal/slug/slug.go:23.17,25.4 1 0
github.com/rdrake/exam-controller/internal/slug/slug.go:26.3,26.28 1 1
github.com/rdrake/exam-controller/internal/slug/slug.go:28.2,28.23 1 1
github.com/rdrake/exam-controller/internal/metrics/metrics.go:22.61,82.2 3 1
github.com/rdrake/exam-controller/internal/metrics/metrics.go:86.48,97.2 10 0
github.com/rdrake/exam-controller/internal/smoketest/runner.go:26.57,29.16 3 1
github.com/rdrake/exam-controller/internal/smoketest/runner.go:29.16,31.3 1 0
github.com/rdrake/exam-controller/internal/smoketest/runner.go:32.2,33.16 2 1
github.com/rdrake/exam-controller/internal/smoketest/runner.go:33.16,35.3 1 0
github.com/rdrake/exam-controller/internal/smoketest/runner.go:36.2,37.53 2 1
github.com/rdrake/exam-controller/internal/smoketest/runner.go:37.53,39.3 1 1
github.com/rdrake/exam-controller/internal/smoketest/runner.go:40.2,40.12 1 1
github.com/rdrake/exam-controller/internal/smoketest/runner.go:45.58,48.16 3 1
github.com/rdrake/exam-controller/internal/smoketest/runner.go:48.16,50.3 1 0
github.com/rdrake/exam-controller/internal/smoketest/runner.go:51.2,52.16 2 1
github.com/rdrake/exam-controller/internal/smoketest/runner.go:52.16,54.3 1 1
github.com/rdrake/exam-controller/internal/smoketest/runner.go:55.2,56.98 2 1
github.com/rdrake/exam-controller/internal/smoketest/runner.go:59.59,61.28 2 1
github.com/rdrake/exam-controller/internal/smoketest/runner.go:61.28,62.49 1 1
github.com/rdrake/exam-controller/internal/smoketest/runner.go:62.49,65.4 2 1
github.com/rdrake/exam-controller/internal/smoketest/runner.go:65.9,67.4 1 1
github.com/rdrake/exam-controller/internal/smoketest/runner.go:69.2,69.10 1 1
github.com/rdrake/exam-controller/internal/smoketest/runner.go:81.88,84.55 3 1
github.com/rdrake/exam-controller/internal/smoketest/runner.go:84.55,86.3 1 1
github.com/rdrake/exam-controller/internal/smoketest/runner.go:87.2,87.69 1 1
github.com/rdrake/exam-controller/internal/network/cilium.go:20.125,28.2 7 1
github.com/rdrake/exam-controller/internal/network/cilium.go:30.98,39.2 2 1
github.com/rdrake/exam-controller/internal/network/cilium.go:41.106,63.2 2 1
github.com/rdrake/exam-controller/internal/network/cilium.go:65.103,68.16 3 1
github.com/rdrake/exam-controller/internal/network/cilium.go:68.16,70.3 1 1
github.com/rdrake/exam-controller/internal/network/cilium.go:71.2,99.4 1 1
github.com/rdrake/exam-controller/internal/network/policy.go:21.54,23.2 1 1
github.com/rdrake/exam-controller/internal/network/policy.go:25.99,43.2 2 1
github.com/rdrake/exam-controller/internal/network/policy.go:45.107,81.2 5 1
github.com/rdrake/exam-controller/internal/network/policy.go:83.104,86.16 3 1
github.com/rdrake/exam-controller/internal/network/policy.go:86.16,88.3 1 0
github.com/rdrake/exam-controller/internal/network/policy.go:89.2,120.3 3 1
github.com/rdrake/exam-controller/internal/provisioner/resources.go:16.65,21.21 2 1
github.com/rdrake/exam-controller/internal/provisioner/resources.go:21.21,23.3 1 1
github.com/rdrake/exam-controller/internal/provisioner/resources.go:24.2,24.10 1 1
github.com/rdrake/exam-controller/internal/provisioner/resources.go:27.96,60.2 2 1
github.com/rdrake/exam-controller/internal/provisioner/resources.go:62.90,74.2 1 1
github.com/rdrake/exam-controller/internal/provisioner/resources.go:76.96,112.2 3 1
github.com/rdrake/exam-controller/api/v1alpha1/exam_types.go:197.13,199.2 1 1
github.com/rdrake/exam-controller/api/v1alpha1/exam_webhook.go:32.58,36.2 1 0
github.com/rdrake/exam-controller/api/v1alpha1/exam_webhook.go:42.99,43.34 1 1
github.com/rdrake/exam-controller/api/v1alpha1/exam_webhook.go:43.34,45.3 1 1
github.com/rdrake/exam-controller/api/v1alpha1/exam_webhook.go:46.2,46.47 1 1
github.com/rdrake/exam-controller/api/v1alpha1/exam_webhook.go:46.47,48.3 1 1
github.com/rdrake/exam-controller/api/v1alpha1/exam_webhook.go:49.2,50.15 2 1
github.com/rdrake/exam-controller/api/v1alpha1/exam_webhook.go:50.15,52.3 1 0
github.com/rdrake/exam-controller/api/v1alpha1/exam_webhook.go:53.2,53.16 1 1
github.com/rdrake/exam-controller/api/v1alpha1/exam_webhook.go:53.16,55.3 1 1
github.com/rdrake/exam-controller/api/v1alpha1/exam_webhook.go:56.2,56.43 1 1
github.com/rdrake/exam-controller/api/v1alpha1/exam_webhook.go:56.43,58.3 1 1
github.com/rdrake/exam-controller/api/v1alpha1/exam_webhook.go:59.2,59.26 1 1
github.com/rdrake/exam-controller/api/v1alpha1/exam_webhook.go:59.26,61.3 1 0
github.com/rdrake/exam-controller/api/v1alpha1/exam_webhook.go:63.2,64.20 2 1
github.com/rdrake/exam-controller/api/v1alpha1/exam_webhook.go:64.20,66.3 1 0
github.com/rdrake/exam-controller/api/v1alpha1/exam_webhook.go:67.2,68.22 2 1
github.com/rdrake/exam-controller/api/v1alpha1/exam_webhook.go:68.22,70.3 1 0
github.com/rdrake/exam-controller/api/v1alpha1/exam_webhook.go:71.2,72.42 2 1
github.com/rdrake/exam-controller/api/v1alpha1/exam_webhook.go:72.42,75.3 1 1
github.com/rdrake/exam-controller/api/v1alpha1/exam_webhook.go:77.2,78.26 2 1
github.com/rdrake/exam-controller/api/v1alpha1/exam_webhook.go:78.26,80.3 1 0
github.com/rdrake/exam-controller/api/v1alpha1/exam_webhook.go:81.2,81.36 1 1
github.com/rdrake/exam-controller/api/v1alpha1/exam_webhook.go:81.36,84.3 1 1
github.com/rdrake/exam-controller/api/v1alpha1/exam_webhook.go:86.2,86.76 1 1
github.com/rdrake/exam-controller/api/v1alpha1/exam_webhook.go:86.76,88.3 1 0
github.com/rdrake/exam-controller/api/v1alpha1/exam_webhook.go:89.2,89.39 1 1
github.com/rdrake/exam-controller/api/v1alpha1/exam_webhook.go:89.39,90.64 1 1
github.com/rdrake/exam-controller/api/v1alpha1/exam_webhook.go:90.64,92.4 1 0
github.com/rdrake/exam-controller/api/v1alpha1/exam_webhook.go:95.2,95.17 1 1
github.com/rdrake/exam-controller/api/v1alpha1/exam_webhook.go:98.111,100.46 2 1
github.com/rdrake/exam-controller/api/v1alpha1/exam_webhook.go:100.46,102.3 1 1
github.com/rdrake/exam-controller/api/v1alpha1/exam_webhook.go:105.2,105.64 1 1
github.com/rdrake/exam-controller/api/v1alpha1/exam_webhook.go:105.64,107.3 1 1
github.com/rdrake/exam-controller/api/v1alpha1/exam_webhook.go:108.2,108.62 1 1
github.com/rdrake/exam-controller/api/v1alpha1/exam_webhook.go:108.62,110.3 1 0
github.com/rdrake/exam-controller/api/v1alpha1/exam_webhook.go:111.2,111.90 1 1
github.com/rdrake/exam-controller/api/v1alpha1/exam_webhook.go:111.90,113.3 1 1
github.com/rdrake/exam-controller/api/v1alpha1/exam_webhook.go:114.2,114.72 1 1
github.com/rdrake/exam-controller/api/v1alpha1/exam_webhook.go:114.72,116.3 1 0
github.com/rdrake/exam-controller/api/v1alpha1/exam_webhook.go:117.2,117.48 1 1
github.com/rdrake/exam-controller/api/v1alpha1/exam_webhook.go:117.48,119.3 1 1
github.com/rdrake/exam-controller/api/v1alpha1/exam_webhook.go:120.2,120.48 1 1
github.com/rdrake/exam-controller/api/v1alpha1/exam_webhook.go:120.48,122.3 1 1
github.com/rdrake/exam-controller/api/v1alpha1/exam_webhook.go:123.2,123.62 1 1
github.com/rdrake/exam-controller/api/v1alpha1/exam_webhook.go:123.62,125.3 1 0
github.com/rdrake/exam-controller/api/v1alpha1/exam_webhook.go:126.2,126.39 1 1
github.com/rdrake/exam-controller/api/v1alpha1/exam_webhook.go:126.39,127.65 1 1
github.com/rdrake/exam-controller/api/v1alpha1/exam_webhook.go:127.65,129.4 1 0
github.com/rdrake/exam-controller/api/v1alpha1/exam_webhook.go:133.2,133.63 1 1
github.com/rdrake/exam-controller/api/v1alpha1/exam_webhook.go:133.63,134.71 1 1
github.com/rdrake/exam-controller/api/v1alpha1/exam_webhook.go:134.71,136.4 1 1
github.com/rdrake/exam-controller/api/v1alpha1/exam_webhook.go:137.3,137.83 1 0
github.com/rdrake/exam-controller/api/v1alpha1/exam_webhook.go:137.83,139.4 1 0
github.com/rdrake/exam-controller/api/v1alpha1/exam_webhook.go:144.2,144.32 1 1
github.com/rdrake/exam-controller/api/v1alpha1/exam_webhook.go:144.32,146.81 1 1
github.com/rdrake/exam-controller/api/v1alpha1/exam_webhook.go:146.81,148.17 2 1
github.com/rdrake/exam-controller/api/v1alpha1/exam_webhook.go:148.17,150.5 1 0
github.com/rdrake/exam-controller/api/v1alpha1/exam_webhook.go:151.4,153.38 2 1
github.com/rdrake/exam-controller/api/v1alpha1/exam_webhook.go:153.38,155.5 1 1
github.com/rdrake/exam-controller/api/v1alpha1/exam_webhook.go:159.2,159.17 1 1
github.com/rdrake/exam-controller/api/v1alpha1/exam_webhook.go:162.96,164.2 1 0
github.com/rdrake/exam-controller/api/v1alpha1/zz_generated.deepcopy.go:29.59,31.2 1 0
github.com/rdrake/exam-controller/api/v1alpha1/zz_generated.deepcopy.go:34.52,35.15 1 0
github.com/rdrake/exam-controller/api/v1alpha1/zz_generated.deepcopy.go:35.15,37.3 1 0
github.com/rdrake/exam-controller/api/v1alpha1/zz_generated.deepcopy.go:38.2,40.12 3 0
github.com/rdrake/exam-controller/api/v1alpha1/zz_generated.deepcopy.go:44.57,46.27 2 0
github.com/rdrake/exam-controller/api/v1alpha1/zz_generated.deepcopy.go:46.27,49.3 2 0
github.com/rdrake/exam-controller/api/v1alpha1/zz_generated.deepcopy.go:50.2,50.24 1 0
github.com/rdrake/exam-controller/api/v1alpha1/zz_generated.deepcopy.go:50.24,54.3 3 0
github.com/rdrake/exam-controller/api/v1alpha1/zz_generated.deepcopy.go:58.50,59.15 1 0
github.com/rdrake/exam-controller/api/v1alpha1/zz_generated.deepcopy.go:59.15,61.3 1 0
github.com/rdrake/exam-controller/api/v1alpha1/zz_generated.deepcopy.go:62.2,64.12 3 0
github.com/rdrake/exam-controller/api/v1alpha1/zz_generated.deepcopy.go:68.41,74.2 5 1
github.com/rdrake/exam-controller/api/v1alpha1/zz_generated.deepcopy.go:77.34,78.15 1 1
github.com/rdrake/exam-controller/api/v1alpha1/zz_generated.deepcopy.go:78.15,80.3 1 0
github.com/rdrake/exam-controller/api/v1alpha1/zz_generated.deepcopy.go:81.2,83.12 3 1
github.com/rdrake/exam-controller/api/v1alpha1/zz_generated.deepcopy.go:87.49,88.34 1 0
github.com/rdrake/exam-controller/api/v1alpha1/zz_generated.deepcopy.go:88.34,90.3 1 0
github.com/rdrake/exam-controller/api/v1alpha1/zz_generated.deepcopy.go:91.2,91.12 1 0
github.com/rdrake/exam-controller/api/v1alpha1/zz_generated.deepcopy.go:95.61,99.2 3 0
github.com/rdrake/exam-controller/api/v1alpha1/zz_generated.deepcopy.go:102.54,103.15 1 0
github.com/rdrake/exam-controller/api/v1alpha1/zz_generated.deepcopy.go:103.15,105.3 1 0
github.com/rdrake/exam-controller/api/v1alpha1/zz_generated.deepcopy.go:106.2,108.12 3 0
github.com/rdrake/exam-controller/api/v1alpha1/zz_generated.deepcopy.go:112.51,115.2 2 0
github.com/rdrake/exam-controller/api/v1alpha1/zz_generated.deepcopy.go:118.44,119.15 1 0
github.com/rdrake/exam-controller/api/v1alpha1/zz_generated.deepcopy.go:119.15,121.3 1 0
github.com/rdrake/exam-controller/api/v1alpha1/zz_generated.deepcopy.go:122.2,124.12 3 0
github.com/rdrake/exam-controller/api/v1alpha1/zz_generated.deepcopy.go:128.61,130.2 1 0
github.com/rdrake/exam-controller/api/v1alpha1/zz_generated.deepcopy.go:133.54,134.15 1 0
github.com/rdrake/exam-controller/api/v1alpha1/zz_generated.deepcopy.go:134.15,136.3 1 0
github.com/rdrake/exam-controller/api/v1alpha1/zz_generated.deepcopy.go:137.2,139.12 3 0
github.com/rdrake/exam-controller/api/v1alpha1/zz_generated.deepcopy.go:143.49,147.21 4 0
github.com/rdrake/exam-controller/api/v1alpha1/zz_generated.deepcopy.go:147.21,150.22 3 0
github.com/rdrake/exam-controller/api/v1alpha1/zz_generated.deepcopy.go:150.22,152.4 1 0
github.com/rdrake/exam-controller/api/v1alpha1/zz_generated.deepcopy.go:157.42,158.15 1 0
github.com/rdrake/exam-controller/api/v1alpha1/zz_generated.deepcopy.go:158.15,160.3 1 0
github.com/rdrake/exam-controller/api/v1alpha1/zz_generated.deepcopy.go:161.2,163.12 3 0
github.com/rdrake/exam-controller/api/v1alpha1/zz_generated.deepcopy.go:167.53,168.34 1 0
github.com/rdrake/exam-controller/api/v1alpha1/zz_generated.deepcopy.go:168.34,170.3 1 0
github.com/rdrake/exam-controller/api/v1alpha1/zz_generated.deepcopy.go:171.2,171.12 1 0
github.com/rdrake/exam-controller/api/v1alpha1/zz_generated.deepcopy.go:175.57,181.22 6 1
github.com/rdrake/exam-controller/api/v1alpha1/zz_generated.deepcopy.go:181.22,185.3 3 0
github.com/rdrake/exam-controller/api/v1alpha1/zz_generated.deepcopy.go:189.50,190.15 1 0
github.com/rdrake/exam-controller/api/v1alpha1/zz_generated.deepcopy.go:190.15,192.3 1 0
github.com/rdrake/exam-controller/api/v1alpha1/zz_generated.deepcopy.go:193.2,195.12 3 0
github.com/rdrake/exam-controller/api/v1alpha1/zz_generated.deepcopy.go:199.49,203.24 4 1
github.com/rdrake/exam-controller/api/v1alpha1/zz_generated.deepcopy.go:203.24,207.3 3 1
github.com/rdrake/exam-controller/api/v1alpha1/zz_generated.deepcopy.go:208.2,209.32 2 1
github.com/rdrake/exam-controller/api/v1alpha1/zz_generated.deepcopy.go:213.42,214.15 1 0
github.com/rdrake/exam-controller/api/v1alpha1/zz_generated.deepcopy.go:214.15,216.3 1 0
github.com/rdrake/exam-controller/api/v1alpha1/zz_generated.deepcopy.go:217.2,219.12 3 0
github.com/rdrake/exam-controller/api/v1alpha1/zz_generated.deepcopy.go:223.53,225.26 2 1
github.com/rdrake/exam-controller/api/v1alpha1/zz_generated.deepcopy.go:225.26,228.22 3 0
github.com/rdrake/exam-controller/api/v1alpha1/zz_generated.deepcopy.go:228.22,230.4 1 0
github.com/rdrake/exam-controller/api/v1alpha1/zz_generated.deepcopy.go:232.2,232.32 1 1
github.com/rdrake/exam-controller/api/v1alpha1/zz_generated.deepcopy.go:232.32,235.3 2 0
github.com/rdrake/exam-controller/api/v1alpha1/zz_generated.deepcopy.go:236.2,236.29 1 1
github.com/rdrake/exam-controller/api/v1alpha1/zz_generated.deepcopy.go:236.29,239.3 2 0
github.com/rdrake/exam-controller/api/v1alpha1/zz_generated.deepcopy.go:240.2,240.25 1 1
github.com/rdrake/exam-controller/api/v1alpha1/zz_generated.deepcopy.go:240.25,243.3 2 0
github.com/rdrake/exam-controller/api/v1alpha1/zz_generated.deepcopy.go:244.2,244.33 1 1
github.com/rdrake/exam-controller/api/v1alpha1/zz_generated.deepcopy.go:244.33,247.3 2 0
github.com/rdrake/exam-controller/api/v1alpha1/zz_generated.deepcopy.go:248.2,248.22 1 1
github.com/rdrake/exam-controller/api/v1alpha1/zz_generated.deepcopy.go:248.22,252.3 3 0
github.com/rdrake/exam-controller/api/v1alpha1/zz_generated.deepcopy.go:253.2,253.24 1 1
github.com/rdrake/exam-controller/api/v1alpha1/zz_generated.deepcopy.go:253.24,256.22 3 0
github.com/rdrake/exam-controller/api/v1alpha1/zz_generated.deepcopy.go:256.22,258.4 1 0
github.com/rdrake/exam-controller/api/v1alpha1/zz_generated.deepcopy.go:260.2,260.22 1 1
github.com/rdrake/exam-controller/api/v1alpha1/zz_generated.deepcopy.go:260.22,264.3 3 0
github.com/rdrake/exam-controller/api/v1alpha1/zz_generated.deepcopy.go:265.2,265.23 1 1
github.com/rdrake/exam-controller/api/v1alpha1/zz_generated.deepcopy.go:265.23,269.3 3 0
github.com/rdrake/exam-controller/api/v1alpha1/zz_generated.deepcopy.go:273.46,274.15 1 0
github.com/rdrake/exam-controller/api/v1alpha1/zz_generated.deepcopy.go:274.15,276.3 1 0
github.com/rdrake/exam-controller/api/v1alpha1/zz_generated.deepcopy.go:277.2,279.12 3 0
github.com/rdrake/exam-controller/api/v1alpha1/zz_generated.deepcopy.go:283.55,285.2 1 0
github.com/rdrake/exam-controller/api/v1alpha1/zz_generated.deepcopy.go:288.48,289.15 1 0
github.com/rdrake/exam-controller/api/v1alpha1/zz_generated.deepcopy.go:289.15,291.3 1 0
github.com/rdrake/exam-controller/api/v1alpha1/zz_generated.deepcopy.go:292.2,294.12 3 0
github.com/rdrake/exam-controller/api/v1alpha1/zz_generated.deepcopy.go:298.57,301.2 2 1
github.com/rdrake/exam-controller/api/v1alpha1/zz_generated.deepcopy.go:304.50,305.15 1 0
github.com/rdrake/exam-controller/api/v1alpha1/zz_generated.deepcopy.go:305.15,307.3 1 0
github.com/rdrake/exam-controller/api/v1alpha1/zz_generated.deepcopy.go:308.2,310.12 3 0
github.com/rdrake/exam-controller/api/v1alpha1/zz_generated.deepcopy.go:314.61,316.2 1 0
github.com/rdrake/exam-controller/api/v1alpha1/zz_generated.deepcopy.go:319.54,320.15 1 0
github.com/rdrake/exam-controller/api/v1alpha1/zz_generated.deepcopy.go:320.15,322.3 1 0
github.com/rdrake/exam-controller/api/v1alpha1/zz_generated.deepcopy.go:323.2,325.12 3 0
github.com/rdrake/exam-controller/api/v1alpha1/zz_generated.deepcopy.go:329.55,331.2 1 0
github.com/rdrake/exam-controller/api/v1alpha1/zz_generated.deepcopy.go:334.48,335.15 1 0
github.com/rdrake/exam-controller/api/v1alpha1/zz_generated.deepcopy.go:335.15,337.3 1 0
github.com/rdrake/exam-controller/api/v1alpha1/zz_generated.deepcopy.go:338.2,340.12 3 0
github.com/rdrake/exam-controller/api/v1alpha1/zz_generated.deepcopy.go:344.59,346.27 2 0
github.com/rdrake/exam-controller/api/v1alpha1/zz_generated.deepcopy.go:346.27,349.3 2 0
github.com/rdrake/exam-controller/api/v1alpha1/zz_generated.deepcopy.go:353.52,354.15 1 0
github.com/rdrake/exam-controller/api/v1alpha1/zz_generated.deepcopy.go:354.15,356.3 1 0
github.com/rdrake/exam-controller/api/v1alpha1/zz_generated.deepcopy.go:357.2,359.12 3 0
github.com/rdrake/exam-controller/test/utils/utils.go:38.27,40.2 1 0
github.com/rdrake/exam-controller/test/utils/utils.go:43.41,47.42 3 0
github.com/rdrake/exam-controller/test/utils/utils.go:47.42,49.3 1 0
github.com/rdrake/exam-controller/test/utils/utils.go:51.2,55.16 5 0
github.com/rdrake/exam-controller/test/utils/utils.go:55.16,57.3 1 0
github.com/rdrake/exam-controller/test/utils/utils.go:59.2,59.28 1 0
github.com/rdrake/exam-controller/test/utils/utils.go:63.29,66.36 3 0
github.com/rdrake/exam-controller/test/utils/utils.go:66.36,68.3 1 0
github.com/rdrake/exam-controller/test/utils/utils.go:71.2,75.41 2 0
github.com/rdrake/exam-controller/test/utils/utils.go:75.41,78.37 2 0
github.com/rdrake/exam-controller/test/utils/utils.go:78.37,80.4 1 0
github.com/rdrake/exam-controller/test/utils/utils.go:85.33,88.36 3 0
github.com/rdrake/exam-controller/test/utils/utils.go:88.36,90.3 1 0
github.com/rdrake/exam-controller/test/utils/utils.go:93.2,100.12 3 0
github.com/rdrake/exam-controller/test/utils/utils.go:105.40,119.16 4 0
github.com/rdrake/exam-controller/test/utils/utils.go:119.16,121.3 1 0
github.com/rdrake/exam-controller/test/utils/utils.go:124.2,125.38 2 0
github.com/rdrake/exam-controller/test/utils/utils.go:125.38,126.32 1 0
github.com/rdrake/exam-controller/test/utils/utils.go:126.32,127.35 1 0
github.com/rdrake/exam-controller/test/utils/utils.go:127.35,129.5 1 0
github.com/rdrake/exam-controller/test/utils/utils.go:133.2,133.14 1 0
github.com/rdrake/exam-controller/test/utils/utils.go:137.56,139.47 2 0
github.com/rdrake/exam-controller/test/utils/utils.go:139.47,141.3 1 0
github.com/rdrake/exam-controller/test/utils/utils.go:142.2,144.39 3 0
github.com/rdrake/exam-controller/test/utils/utils.go:144.39,146.3 1 0
github.com/rdrake/exam-controller/test/utils/utils.go:147.2,149.12 3 0
github.com/rdrake/exam-controller/test/utils/utils.go:154.47,157.32 3 0
github.com/rdrake/exam-controller/test/utils/utils.go:157.32,158.20 1 0
github.com/rdrake/exam-controller/test/utils/utils.go:158.20,160.4 1 0
github.com/rdrake/exam-controller/test/utils/utils.go:163.2,163.12 1 0
github.com/rdrake/exam-controller/test/utils/utils.go:167.38,169.16 2 0
github.com/rdrake/exam-controller/test/utils/utils.go:169.16,171.3 1 0
github.com/rdrake/exam-controller/test/utils/utils.go:172.2,173.16 2 0
github.com/rdrake/exam-controller/test/utils/utils.go:178.59,182.16 2 0
github.com/rdrake/exam-controller/test/utils/utils.go:182.16,184.3 1 0
github.com/rdrake/exam-controller/test/utils/utils.go:185.2,188.13 3 0
github.com/rdrake/exam-controller/test/utils/utils.go:188.13,190.3 1 0
github.com/rdrake/exam-controller/test/utils/utils.go:192.2,194.16 3 0
github.com/rdrake/exam-controller/test/utils/utils.go:194.16,196.3 1 0
github.com/rdrake/exam-controller/test/utils/utils.go:198.2,199.21 2 0
github.com/rdrake/exam-controller/test/utils/utils.go:199.21,201.3 1 0
github.com/rdrake/exam-controller/test/utils/utils.go:202.2,202.6 1 0
github.com/rdrake/exam-controller/test/utils/utils.go:202.6,203.87 1 0
github.com/rdrake/exam-controller/test/utils/utils.go:203.87,205.4 1 0
github.com/rdrake/exam-controller/test/utils/utils.go:207.3,207.22 1 0
github.com/rdrake/exam-controller/test/utils/utils.go:207.22,208.9 1 0
github.com/rdrake/exam-controller/test/utils/utils.go:210.3,210.49 1 0
github.com/rdrake/exam-controller/test/utils/utils.go:210.49,212.4 1 0
github.com/rdrake/exam-controller/test/utils/utils.go:215.2,215.63 1 0
github.com/rdrake/exam-controller/test/utils/utils.go:215.63,217.3 1 0
github.com/rdrake/exam-controller/test/utils/utils.go:221.2,221.65 1 0
github.com/rdrake/exam-controller/test/utils/utils.go:221.65,223.3 1 0
github.com/rdrake/exam-controller/test/utils/utils.go:225.2,225.12 1 0
github.com/rdrake/exam-controller/cmd/main.go:52.13,57.2 2 0
github.com/rdrake/exam-controller/cmd/main.go:60.13,100.38 24 0
github.com/rdrake/exam-controller/cmd/main.go:100.38,103.3 2 0
github.com/rdrake/exam-controller/cmd/main.go:105.2,105.18 1 0
github.com/rdrake/exam-controller/cmd/main.go:105.18,107.3 1 0
github.com/rdrake/exam-controller/cmd/main.go:110.2,115.30 3 0
github.com/rdrake/exam-controller/cmd/main.go:115.30,122.3 4 0
github.com/rdrake/exam-controller/cmd/main.go:124.2,136.19 3 0
github.com/rdrake/exam-controller/cmd/main.go:136.19,142.3 1 0
github.com/rdrake/exam-controller/cmd/main.go:152.2,152.30 1 0
github.com/rdrake/exam-controller/cmd/main.go:152.30,159.3 4 0
github.com/rdrake/exam-controller/cmd/main.go:161.2,180.16 2 0
github.com/rdrake/exam-controller/cmd/main.go:180.16,183.3 2 0
github.com/rdrake/exam-controller/cmd/main.go:185.2,193.39 3 0
github.com/rdrake/exam-controller/cmd/main.go:193.39,196.3 2 0
github.com/rdrake/exam-controller/cmd/main.go:197.2,197.70 1 0
github.com/rdrake/exam-controller/cmd/main.go:197.70,200.3 2 0
github.com/rdrake/exam-controller/cmd/main.go:203.2,203.69 1 0
github.com/rdrake/exam-controller/cmd/main.go:203.69,206.3 2 0
github.com/rdrake/exam-controller/cmd/main.go:207.2,207.67 1 0
github.com/rdrake/exam-controller/cmd/main.go:207.67,210.3 2 0
github.com/rdrake/exam-controller/cmd/main.go:212.2,213.61 2 0
github.com/rdrake/exam-controller/cmd/main.go:213.61,216.3 2 0
github.com/rdrake/exam-controller/cmd/main.go:219.68,221.16 2 0
github.com/rdrake/exam-controller/cmd/main.go:221.16,224.3 2 0
github.com/rdrake/exam-controller/cmd/main.go:225.2,226.16 2 0
github.com/rdrake/exam-controller/cmd/main.go:226.16,227.44 1 0
github.com/rdrake/exam-controller/cmd/main.go:227.44,228.39 1 0
github.com/rdrake/exam-controller/cmd/main.go:228.39,231.5 2 0
github.com/rdrake/exam-controller/cmd/main.go:234.2,235.41 2 0
github.com/rdrake/exam-controller/internal/notifier/email.go:23.71,27.2 3 0
github.com/rdrake/exam-controller/internal/notifier/email.go:41.71,44.2 2 1
github.com/rdrake/exam-controller/internal/notifier/email.go:52.64,54.2 1 1
github.com/rdrake/exam-controller/internal/notifier/email.go:56.72,58.55 2 1
github.com/rdrake/exam-controller/internal/notifier/email.go:58.55,60.17 2 1
github.com/rdrake/exam-controller/internal/notifier/email.go:60.17,62.4 1 1
github.com/rdrake/exam-controller/internal/notifier/email.go:63.3,63.29 1 1
github.com/rdrake/exam-controller/internal/notifier/email.go:63.29,65.4 1 1
github.com/rdrake/exam-controller/internal/notifier/email.go:67.2,67.62 1 1
github.com/rdrake/exam-controller/internal/notifier/email.go:76.72,78.31 2 1
github.com/rdrake/exam-controller/internal/notifier/email.go:78.31,80.3 1 1
github.com/rdrake/exam-controller/internal/notifier/email.go:81.2,81.12 1 1
github.com/rdrake/exam-controller/internal/notifier/email.go:84.58,86.2 1 1
github.com/rdrake/exam-controller/internal/notifier/email.go:88.64,91.2 2 1
github.com/rdrake/exam-controller/internal/notifier/email.go:93.73,96.2 2 1
github.com/rdrake/exam-controller/internal/notifier/email.go:98.108,100.27 2 1
github.com/rdrake/exam-controller/internal/notifier/email.go:100.27,102.3 1 1
github.com/rdrake/exam-controller/internal/notifier/email.go:103.2,103.65 1 1
github.com/rdrake/exam-controller/internal/notifier/email.go:106.92,109.2 2 1
